<?xml version="1.0" encoding="UTF-8"?>
<testsuite xmlns:xsi="http://www.w3.org/2001/XMLSchema-instance" xsi:noNamespaceSchemaLocation="https://maven.apache.org/surefire/maven-surefire-plugin/xsd/surefire-test-report.xsd" name="edu.whu.week8.service.impl.ProductServiceImplTest" time="0.065" tests="5" errors="5" skipped="0" failures="0">
  <properties>
    <property name="java.specification.version" value="17"/>
    <property name="sun.jnu.encoding" value="UTF-8"/>
    <property name="java.class.path" value="/home/steve/program/java-assignment/assignments/Week8/mybatis-plus-code/target/test-classes:/home/steve/program/java-assignment/assignments/Week8/mybatis-plus-code/target/classes:/home/steve/.m2/repository/org/springframework/boot/spring-boot-starter-web/2.6.5/spring-boot-starter-web-2.6.5.jar:/home/steve/.m2/repository/org/springframework/boot/spring-boot-starter/2.6.5/spring-boot-starter-2.6.5.jar:/home/steve/.m2/repository/org/springframework/boot/spring-boot/2.6.5/spring-boot-2.6.5.jar:/home/steve/.m2/repository/org/springframework/boot/spring-boot-starter-logging/2.6.5/spring-boot-starter-logging-2.6.5.jar:/home/steve/.m2/repository/ch/qos/logback/logback-classic/1.2.11/logback-classic-1.2.11.jar:/home/steve/.m2/repository/ch/qos/logback/logback-core/1.2.11/logback-core-1.2.11.jar:/home/steve/.m2/repository/org/apache/logging/log4j/log4j-to-slf4j/2.17.2/log4j-to-slf4j-2.17.2.jar:/home/steve/.m2/repository/org/apache/logging/log4j/log4j-api/2.17.2/log4j-api-2.17.2.jar:/home/steve/.m2/repository/org/slf4j/jul-to-slf4j/1.7.36/jul-to-slf4j-1.7.36.jar:/home/steve/.m2/repository/jakarta/annotation/jakarta.annotation-api/1.3.5/jakarta.annotation-api-1.3.5.jar:/home/steve/.m2/repository/org/yaml/snakeyaml/1.29/snakeyaml-1.29.jar:/home/steve/.m2/repository/org/springframework/boot/spring-boot-starter-json/2.6.5/spring-boot-starter-json-2.6.5.jar:/home/steve/.m2/repository/com/fasterxml/jackson/datatype/jackson-datatype-jdk8/2.13.2/jackson-datatype-jdk8-2.13.2.jar:/home/steve/.m2/repository/com/fasterxml/jackson/datatype/jackson-datatype-jsr310/2.13.2/jackson-datatype-jsr310-2.13.2.jar:/home/steve/.m2/repository/com/fasterxml/jackson/module/jackson-module-parameter-names/2.13.2/jackson-module-parameter-names-2.13.2.jar:/home/steve/.m2/repository/org/springframework/boot/spring-boot-starter-tomcat/2.6.5/spring-boot-starter-tomcat-2.6.5.jar:/home/steve/.m2/repository/org/apache/tomcat/embed/tomcat-embed-core/9.0.60/tomcat-embed-core-9.0.60.jar:/home/steve/.m2/repository/org/apache/tomcat/embed/tomcat-embed-el/9.0.60/tomcat-embed-el-9.0.60.jar:/home/steve/.m2/repository/org/apache/tomcat/embed/tomcat-embed-websocket/9.0.60/tomcat-embed-websocket-9.0.60.jar:/home/steve/.m2/repository/org/springframework/spring-web/5.3.17/spring-web-5.3.17.jar:/home/steve/.m2/repository/org/springframework/spring-beans/5.3.17/spring-beans-5.3.17.jar:/home/steve/.m2/repository/org/springframework/spring-webmvc/5.3.17/spring-webmvc-5.3.17.jar:/home/steve/.m2/repository/org/springframework/spring-context/5.3.17/spring-context-5.3.17.jar:/home/steve/.m2/repository/org/springframework/spring-expression/5.3.17/spring-expression-5.3.17.jar:/home/steve/.m2/repository/org/springframework/boot/spring-boot-starter-test/2.6.5/spring-boot-starter-test-2.6.5.jar:/home/steve/.m2/repository/org/springframework/boot/spring-boot-test/2.6.5/spring-boot-test-2.6.5.jar:/home/steve/.m2/repository/org/springframework/boot/spring-boot-test-autoconfigure/2.6.5/spring-boot-test-autoconfigure-2.6.5.jar:/home/steve/.m2/repository/com/jayway/jsonpath/json-path/2.6.0/json-path-2.6.0.jar:/home/steve/.m2/repository/net/minidev/json-smart/2.4.8/json-smart-2.4.8.jar:/home/steve/.m2/repository/net/minidev/accessors-smart/2.4.8/accessors-smart-2.4.8.jar:/home/steve/.m2/repository/org/ow2/asm/asm/9.1/asm-9.1.jar:/home/steve/.m2/repository/jakarta/xml/bind/jakarta.xml.bind-api/2.3.3/jakarta.xml.bind-api-2.3.3.jar:/home/steve/.m2/repository/jakarta/activation/jakarta.activation-api/1.2.2/jakarta.activation-api-1.2.2.jar:/home/steve/.m2/repository/org/assertj/assertj-core/3.21.0/assertj-core-3.21.0.jar:/home/steve/.m2/repository/org/hamcrest/hamcrest/2.2/hamcrest-2.2.jar:/home/steve/.m2/repository/org/junit/jupiter/junit-jupiter/5.8.2/junit-jupiter-5.8.2.jar:/home/steve/.m2/repository/org/junit/jupiter/junit-jupiter-api/5.8.2/junit-jupiter-api-5.8.2.jar:/home/steve/.m2/repository/org/opentest4j/opentest4j/1.2.0/opentest4j-1.2.0.jar:/home/steve/.m2/repository/org/junit/platform/junit-platform-commons/1.8.2/junit-platform-commons-1.8.2.jar:/home/steve/.m2/repository/org/apiguardian/apiguardian-api/1.1.2/apiguardian-api-1.1.2.jar:/home/steve/.m2/repository/org/junit/jupiter/junit-jupiter-params/5.8.2/junit-jupiter-params-5.8.2.jar:/home/steve/.m2/repository/org/junit/jupiter/junit-jupiter-engine/5.8.2/junit-jupiter-engine-5.8.2.jar:/home/steve/.m2/repository/org/junit/platform/junit-platform-engine/1.8.2/junit-platform-engine-1.8.2.jar:/home/steve/.m2/repository/org/mockito/mockito-core/4.0.0/mockito-core-4.0.0.jar:/home/steve/.m2/repository/net/bytebuddy/byte-buddy/1.11.22/byte-buddy-1.11.22.jar:/home/steve/.m2/repository/net/bytebuddy/byte-buddy-agent/1.11.22/byte-buddy-agent-1.11.22.jar:/home/steve/.m2/repository/org/objenesis/objenesis/3.2/objenesis-3.2.jar:/home/steve/.m2/repository/org/mockito/mockito-junit-jupiter/4.0.0/mockito-junit-jupiter-4.0.0.jar:/home/steve/.m2/repository/org/skyscreamer/jsonassert/1.5.0/jsonassert-1.5.0.jar:/home/steve/.m2/repository/com/vaadin/external/google/android-json/0.0.20131108.vaadin1/android-json-0.0.20131108.vaadin1.jar:/home/steve/.m2/repository/org/springframework/spring-core/5.3.17/spring-core-5.3.17.jar:/home/steve/.m2/repository/org/springframework/spring-jcl/5.3.17/spring-jcl-5.3.17.jar:/home/steve/.m2/repository/org/springframework/spring-test/5.3.17/spring-test-5.3.17.jar:/home/steve/.m2/repository/org/xmlunit/xmlunit-core/2.8.4/xmlunit-core-2.8.4.jar:/home/steve/.m2/repository/io/springfox/springfox-boot-starter/3.0.0/springfox-boot-starter-3.0.0.jar:/home/steve/.m2/repository/io/springfox/springfox-oas/3.0.0/springfox-oas-3.0.0.jar:/home/steve/.m2/repository/io/swagger/core/v3/swagger-annotations/2.1.2/swagger-annotations-2.1.2.jar:/home/steve/.m2/repository/io/swagger/core/v3/swagger-models/2.1.2/swagger-models-2.1.2.jar:/home/steve/.m2/repository/io/springfox/springfox-spi/3.0.0/springfox-spi-3.0.0.jar:/home/steve/.m2/repository/io/springfox/springfox-schema/3.0.0/springfox-schema-3.0.0.jar:/home/steve/.m2/repository/io/springfox/springfox-core/3.0.0/springfox-core-3.0.0.jar:/home/steve/.m2/repository/io/springfox/springfox-spring-web/3.0.0/springfox-spring-web-3.0.0.jar:/home/steve/.m2/repository/io/github/classgraph/classgraph/4.8.83/classgraph-4.8.83.jar:/home/steve/.m2/repository/io/springfox/springfox-spring-webmvc/3.0.0/springfox-spring-webmvc-3.0.0.jar:/home/steve/.m2/repository/io/springfox/springfox-spring-webflux/3.0.0/springfox-spring-webflux-3.0.0.jar:/home/steve/.m2/repository/io/springfox/springfox-swagger-common/3.0.0/springfox-swagger-common-3.0.0.jar:/home/steve/.m2/repository/org/mapstruct/mapstruct/1.3.1.Final/mapstruct-1.3.1.Final.jar:/home/steve/.m2/repository/io/springfox/springfox-data-rest/3.0.0/springfox-data-rest-3.0.0.jar:/home/steve/.m2/repository/io/springfox/springfox-bean-validators/3.0.0/springfox-bean-validators-3.0.0.jar:/home/steve/.m2/repository/io/springfox/springfox-swagger2/3.0.0/springfox-swagger2-3.0.0.jar:/home/steve/.m2/repository/io/swagger/swagger-annotations/1.5.20/swagger-annotations-1.5.20.jar:/home/steve/.m2/repository/io/swagger/swagger-models/1.5.20/swagger-models-1.5.20.jar:/home/steve/.m2/repository/io/springfox/springfox-swagger-ui/3.0.0/springfox-swagger-ui-3.0.0.jar:/home/steve/.m2/repository/com/fasterxml/classmate/1.5.1/classmate-1.5.1.jar:/home/steve/.m2/repository/org/slf4j/slf4j-api/1.7.36/slf4j-api-1.7.36.jar:/home/steve/.m2/repository/org/springframework/plugin/spring-plugin-core/2.0.0.RELEASE/spring-plugin-core-2.0.0.RELEASE.jar:/home/steve/.m2/repository/org/springframework/plugin/spring-plugin-metadata/2.0.0.RELEASE/spring-plugin-metadata-2.0.0.RELEASE.jar:/home/steve/.m2/repository/org/projectlombok/lombok/1.18.24/lombok-1.18.24.jar:/home/steve/.m2/repository/com/baomidou/mybatis-plus-boot-starter/3.4.1/mybatis-plus-boot-starter-3.4.1.jar:/home/steve/.m2/repository/com/baomidou/mybatis-plus/3.4.1/mybatis-plus-3.4.1.jar:/home/steve/.m2/repository/com/baomidou/mybatis-plus-extension/3.4.1/mybatis-plus-extension-3.4.1.jar:/home/steve/.m2/repository/com/baomidou/mybatis-plus-core/3.4.1/mybatis-plus-core-3.4.1.jar:/home/steve/.m2/repository/com/baomidou/mybatis-plus-annotation/3.4.1/mybatis-plus-annotation-3.4.1.jar:/home/steve/.m2/repository/com/github/jsqlparser/jsqlparser/3.2/jsqlparser-3.2.jar:/home/steve/.m2/repository/org/mybatis/mybatis/3.5.6/mybatis-3.5.6.jar:/home/steve/.m2/repository/org/mybatis/mybatis-spring/2.0.5/mybatis-spring-2.0.5.jar:/home/steve/.m2/repository/org/springframework/boot/spring-boot-autoconfigure/2.6.5/spring-boot-autoconfigure-2.6.5.jar:/home/steve/.m2/repository/org/springframework/boot/spring-boot-starter-jdbc/2.6.5/spring-boot-starter-jdbc-2.6.5.jar:/home/steve/.m2/repository/com/zaxxer/HikariCP/4.0.3/HikariCP-4.0.3.jar:/home/steve/.m2/repository/org/springframework/spring-jdbc/5.3.17/spring-jdbc-5.3.17.jar:/home/steve/.m2/repository/org/springframework/spring-tx/5.3.17/spring-tx-5.3.17.jar:/home/steve/.m2/repository/mysql/mysql-connector-java/8.0.28/mysql-connector-java-8.0.28.jar:/home/steve/.m2/repository/org/springframework/boot/spring-boot-starter-aop/2.6.5/spring-boot-starter-aop-2.6.5.jar:/home/steve/.m2/repository/org/springframework/spring-aop/5.3.17/spring-aop-5.3.17.jar:/home/steve/.m2/repository/org/aspectj/aspectjweaver/1.9.7/aspectjweaver-1.9.7.jar:/home/steve/.m2/repository/io/jsonwebtoken/jjwt/0.9.1/jjwt-0.9.1.jar:/home/steve/.m2/repository/com/fasterxml/jackson/core/jackson-databind/2.13.2/jackson-databind-2.13.2.jar:/home/steve/.m2/repository/com/fasterxml/jackson/core/jackson-annotations/2.13.2/jackson-annotations-2.13.2.jar:/home/steve/.m2/repository/com/fasterxml/jackson/core/jackson-core/2.13.2/jackson-core-2.13.2.jar:/home/steve/.m2/repository/org/springframework/boot/spring-boot-starter-security/2.6.5/spring-boot-starter-security-2.6.5.jar:/home/steve/.m2/repository/org/springframework/security/spring-security-config/5.6.2/spring-security-config-5.6.2.jar:/home/steve/.m2/repository/org/springframework/security/spring-security-core/5.6.2/spring-security-core-5.6.2.jar:/home/steve/.m2/repository/org/springframework/security/spring-security-crypto/5.6.2/spring-security-crypto-5.6.2.jar:/home/steve/.m2/repository/org/springframework/security/spring-security-web/5.6.2/spring-security-web-5.6.2.jar:/home/steve/.m2/repository/jakarta/persistence/jakarta.persistence-api/3.1.0/jakarta.persistence-api-3.1.0.jar:"/>
    <property name="java.vm.vendor" value="Private Build"/>
    <property name="sun.arch.data.model" value="64"/>
    <property name="java.vendor.url" value="Unknown"/>
    <property name="os.name" value="Linux"/>
    <property name="java.vm.specification.version" value="17"/>
    <property name="sun.java.launcher" value="SUN_STANDARD"/>
    <property name="user.country" value="CN"/>
    <property name="sun.boot.library.path" value="/usr/lib/jvm/java-17-openjdk-amd64/lib"/>
    <property name="sun.java.command" value="/home/steve/program/java-assignment/assignments/Week8/mybatis-plus-code/target/surefire/surefirebooter15642159750632065388.jar /home/steve/program/java-assignment/assignments/Week8/mybatis-plus-code/target/surefire 2022-11-17T03-56-25_395-jvmRun1 surefire7476625734563949451tmp surefire_016588627006952216643tmp"/>
    <property name="jdk.debug" value="release"/>
    <property name="surefire.test.class.path" value="/home/steve/program/java-assignment/assignments/Week8/mybatis-plus-code/target/test-classes:/home/steve/program/java-assignment/assignments/Week8/mybatis-plus-code/target/classes:/home/steve/.m2/repository/org/springframework/boot/spring-boot-starter-web/2.6.5/spring-boot-starter-web-2.6.5.jar:/home/steve/.m2/repository/org/springframework/boot/spring-boot-starter/2.6.5/spring-boot-starter-2.6.5.jar:/home/steve/.m2/repository/org/springframework/boot/spring-boot/2.6.5/spring-boot-2.6.5.jar:/home/steve/.m2/repository/org/springframework/boot/spring-boot-starter-logging/2.6.5/spring-boot-starter-logging-2.6.5.jar:/home/steve/.m2/repository/ch/qos/logback/logback-classic/1.2.11/logback-classic-1.2.11.jar:/home/steve/.m2/repository/ch/qos/logback/logback-core/1.2.11/logback-core-1.2.11.jar:/home/steve/.m2/repository/org/apache/logging/log4j/log4j-to-slf4j/2.17.2/log4j-to-slf4j-2.17.2.jar:/home/steve/.m2/repository/org/apache/logging/log4j/log4j-api/2.17.2/log4j-api-2.17.2.jar:/home/steve/.m2/repository/org/slf4j/jul-to-slf4j/1.7.36/jul-to-slf4j-1.7.36.jar:/home/steve/.m2/repository/jakarta/annotation/jakarta.annotation-api/1.3.5/jakarta.annotation-api-1.3.5.jar:/home/steve/.m2/repository/org/yaml/snakeyaml/1.29/snakeyaml-1.29.jar:/home/steve/.m2/repository/org/springframework/boot/spring-boot-starter-json/2.6.5/spring-boot-starter-json-2.6.5.jar:/home/steve/.m2/repository/com/fasterxml/jackson/datatype/jackson-datatype-jdk8/2.13.2/jackson-datatype-jdk8-2.13.2.jar:/home/steve/.m2/repository/com/fasterxml/jackson/datatype/jackson-datatype-jsr310/2.13.2/jackson-datatype-jsr310-2.13.2.jar:/home/steve/.m2/repository/com/fasterxml/jackson/module/jackson-module-parameter-names/2.13.2/jackson-module-parameter-names-2.13.2.jar:/home/steve/.m2/repository/org/springframework/boot/spring-boot-starter-tomcat/2.6.5/spring-boot-starter-tomcat-2.6.5.jar:/home/steve/.m2/repository/org/apache/tomcat/embed/tomcat-embed-core/9.0.60/tomcat-embed-core-9.0.60.jar:/home/steve/.m2/repository/org/apache/tomcat/embed/tomcat-embed-el/9.0.60/tomcat-embed-el-9.0.60.jar:/home/steve/.m2/repository/org/apache/tomcat/embed/tomcat-embed-websocket/9.0.60/tomcat-embed-websocket-9.0.60.jar:/home/steve/.m2/repository/org/springframework/spring-web/5.3.17/spring-web-5.3.17.jar:/home/steve/.m2/repository/org/springframework/spring-beans/5.3.17/spring-beans-5.3.17.jar:/home/steve/.m2/repository/org/springframework/spring-webmvc/5.3.17/spring-webmvc-5.3.17.jar:/home/steve/.m2/repository/org/springframework/spring-context/5.3.17/spring-context-5.3.17.jar:/home/steve/.m2/repository/org/springframework/spring-expression/5.3.17/spring-expression-5.3.17.jar:/home/steve/.m2/repository/org/springframework/boot/spring-boot-starter-test/2.6.5/spring-boot-starter-test-2.6.5.jar:/home/steve/.m2/repository/org/springframework/boot/spring-boot-test/2.6.5/spring-boot-test-2.6.5.jar:/home/steve/.m2/repository/org/springframework/boot/spring-boot-test-autoconfigure/2.6.5/spring-boot-test-autoconfigure-2.6.5.jar:/home/steve/.m2/repository/com/jayway/jsonpath/json-path/2.6.0/json-path-2.6.0.jar:/home/steve/.m2/repository/net/minidev/json-smart/2.4.8/json-smart-2.4.8.jar:/home/steve/.m2/repository/net/minidev/accessors-smart/2.4.8/accessors-smart-2.4.8.jar:/home/steve/.m2/repository/org/ow2/asm/asm/9.1/asm-9.1.jar:/home/steve/.m2/repository/jakarta/xml/bind/jakarta.xml.bind-api/2.3.3/jakarta.xml.bind-api-2.3.3.jar:/home/steve/.m2/repository/jakarta/activation/jakarta.activation-api/1.2.2/jakarta.activation-api-1.2.2.jar:/home/steve/.m2/repository/org/assertj/assertj-core/3.21.0/assertj-core-3.21.0.jar:/home/steve/.m2/repository/org/hamcrest/hamcrest/2.2/hamcrest-2.2.jar:/home/steve/.m2/repository/org/junit/jupiter/junit-jupiter/5.8.2/junit-jupiter-5.8.2.jar:/home/steve/.m2/repository/org/junit/jupiter/junit-jupiter-api/5.8.2/junit-jupiter-api-5.8.2.jar:/home/steve/.m2/repository/org/opentest4j/opentest4j/1.2.0/opentest4j-1.2.0.jar:/home/steve/.m2/repository/org/junit/platform/junit-platform-commons/1.8.2/junit-platform-commons-1.8.2.jar:/home/steve/.m2/repository/org/apiguardian/apiguardian-api/1.1.2/apiguardian-api-1.1.2.jar:/home/steve/.m2/repository/org/junit/jupiter/junit-jupiter-params/5.8.2/junit-jupiter-params-5.8.2.jar:/home/steve/.m2/repository/org/junit/jupiter/junit-jupiter-engine/5.8.2/junit-jupiter-engine-5.8.2.jar:/home/steve/.m2/repository/org/junit/platform/junit-platform-engine/1.8.2/junit-platform-engine-1.8.2.jar:/home/steve/.m2/repository/org/mockito/mockito-core/4.0.0/mockito-core-4.0.0.jar:/home/steve/.m2/repository/net/bytebuddy/byte-buddy/1.11.22/byte-buddy-1.11.22.jar:/home/steve/.m2/repository/net/bytebuddy/byte-buddy-agent/1.11.22/byte-buddy-agent-1.11.22.jar:/home/steve/.m2/repository/org/objenesis/objenesis/3.2/objenesis-3.2.jar:/home/steve/.m2/repository/org/mockito/mockito-junit-jupiter/4.0.0/mockito-junit-jupiter-4.0.0.jar:/home/steve/.m2/repository/org/skyscreamer/jsonassert/1.5.0/jsonassert-1.5.0.jar:/home/steve/.m2/repository/com/vaadin/external/google/android-json/0.0.20131108.vaadin1/android-json-0.0.20131108.vaadin1.jar:/home/steve/.m2/repository/org/springframework/spring-core/5.3.17/spring-core-5.3.17.jar:/home/steve/.m2/repository/org/springframework/spring-jcl/5.3.17/spring-jcl-5.3.17.jar:/home/steve/.m2/repository/org/springframework/spring-test/5.3.17/spring-test-5.3.17.jar:/home/steve/.m2/repository/org/xmlunit/xmlunit-core/2.8.4/xmlunit-core-2.8.4.jar:/home/steve/.m2/repository/io/springfox/springfox-boot-starter/3.0.0/springfox-boot-starter-3.0.0.jar:/home/steve/.m2/repository/io/springfox/springfox-oas/3.0.0/springfox-oas-3.0.0.jar:/home/steve/.m2/repository/io/swagger/core/v3/swagger-annotations/2.1.2/swagger-annotations-2.1.2.jar:/home/steve/.m2/repository/io/swagger/core/v3/swagger-models/2.1.2/swagger-models-2.1.2.jar:/home/steve/.m2/repository/io/springfox/springfox-spi/3.0.0/springfox-spi-3.0.0.jar:/home/steve/.m2/repository/io/springfox/springfox-schema/3.0.0/springfox-schema-3.0.0.jar:/home/steve/.m2/repository/io/springfox/springfox-core/3.0.0/springfox-core-3.0.0.jar:/home/steve/.m2/repository/io/springfox/springfox-spring-web/3.0.0/springfox-spring-web-3.0.0.jar:/home/steve/.m2/repository/io/github/classgraph/classgraph/4.8.83/classgraph-4.8.83.jar:/home/steve/.m2/repository/io/springfox/springfox-spring-webmvc/3.0.0/springfox-spring-webmvc-3.0.0.jar:/home/steve/.m2/repository/io/springfox/springfox-spring-webflux/3.0.0/springfox-spring-webflux-3.0.0.jar:/home/steve/.m2/repository/io/springfox/springfox-swagger-common/3.0.0/springfox-swagger-common-3.0.0.jar:/home/steve/.m2/repository/org/mapstruct/mapstruct/1.3.1.Final/mapstruct-1.3.1.Final.jar:/home/steve/.m2/repository/io/springfox/springfox-data-rest/3.0.0/springfox-data-rest-3.0.0.jar:/home/steve/.m2/repository/io/springfox/springfox-bean-validators/3.0.0/springfox-bean-validators-3.0.0.jar:/home/steve/.m2/repository/io/springfox/springfox-swagger2/3.0.0/springfox-swagger2-3.0.0.jar:/home/steve/.m2/repository/io/swagger/swagger-annotations/1.5.20/swagger-annotations-1.5.20.jar:/home/steve/.m2/repository/io/swagger/swagger-models/1.5.20/swagger-models-1.5.20.jar:/home/steve/.m2/repository/io/springfox/springfox-swagger-ui/3.0.0/springfox-swagger-ui-3.0.0.jar:/home/steve/.m2/repository/com/fasterxml/classmate/1.5.1/classmate-1.5.1.jar:/home/steve/.m2/repository/org/slf4j/slf4j-api/1.7.36/slf4j-api-1.7.36.jar:/home/steve/.m2/repository/org/springframework/plugin/spring-plugin-core/2.0.0.RELEASE/spring-plugin-core-2.0.0.RELEASE.jar:/home/steve/.m2/repository/org/springframework/plugin/spring-plugin-metadata/2.0.0.RELEASE/spring-plugin-metadata-2.0.0.RELEASE.jar:/home/steve/.m2/repository/org/projectlombok/lombok/1.18.24/lombok-1.18.24.jar:/home/steve/.m2/repository/com/baomidou/mybatis-plus-boot-starter/3.4.1/mybatis-plus-boot-starter-3.4.1.jar:/home/steve/.m2/repository/com/baomidou/mybatis-plus/3.4.1/mybatis-plus-3.4.1.jar:/home/steve/.m2/repository/com/baomidou/mybatis-plus-extension/3.4.1/mybatis-plus-extension-3.4.1.jar:/home/steve/.m2/repository/com/baomidou/mybatis-plus-core/3.4.1/mybatis-plus-core-3.4.1.jar:/home/steve/.m2/repository/com/baomidou/mybatis-plus-annotation/3.4.1/mybatis-plus-annotation-3.4.1.jar:/home/steve/.m2/repository/com/github/jsqlparser/jsqlparser/3.2/jsqlparser-3.2.jar:/home/steve/.m2/repository/org/mybatis/mybatis/3.5.6/mybatis-3.5.6.jar:/home/steve/.m2/repository/org/mybatis/mybatis-spring/2.0.5/mybatis-spring-2.0.5.jar:/home/steve/.m2/repository/org/springframework/boot/spring-boot-autoconfigure/2.6.5/spring-boot-autoconfigure-2.6.5.jar:/home/steve/.m2/repository/org/springframework/boot/spring-boot-starter-jdbc/2.6.5/spring-boot-starter-jdbc-2.6.5.jar:/home/steve/.m2/repository/com/zaxxer/HikariCP/4.0.3/HikariCP-4.0.3.jar:/home/steve/.m2/repository/org/springframework/spring-jdbc/5.3.17/spring-jdbc-5.3.17.jar:/home/steve/.m2/repository/org/springframework/spring-tx/5.3.17/spring-tx-5.3.17.jar:/home/steve/.m2/repository/mysql/mysql-connector-java/8.0.28/mysql-connector-java-8.0.28.jar:/home/steve/.m2/repository/org/springframework/boot/spring-boot-starter-aop/2.6.5/spring-boot-starter-aop-2.6.5.jar:/home/steve/.m2/repository/org/springframework/spring-aop/5.3.17/spring-aop-5.3.17.jar:/home/steve/.m2/repository/org/aspectj/aspectjweaver/1.9.7/aspectjweaver-1.9.7.jar:/home/steve/.m2/repository/io/jsonwebtoken/jjwt/0.9.1/jjwt-0.9.1.jar:/home/steve/.m2/repository/com/fasterxml/jackson/core/jackson-databind/2.13.2/jackson-databind-2.13.2.jar:/home/steve/.m2/repository/com/fasterxml/jackson/core/jackson-annotations/2.13.2/jackson-annotations-2.13.2.jar:/home/steve/.m2/repository/com/fasterxml/jackson/core/jackson-core/2.13.2/jackson-core-2.13.2.jar:/home/steve/.m2/repository/org/springframework/boot/spring-boot-starter-security/2.6.5/spring-boot-starter-security-2.6.5.jar:/home/steve/.m2/repository/org/springframework/security/spring-security-config/5.6.2/spring-security-config-5.6.2.jar:/home/steve/.m2/repository/org/springframework/security/spring-security-core/5.6.2/spring-security-core-5.6.2.jar:/home/steve/.m2/repository/org/springframework/security/spring-security-crypto/5.6.2/spring-security-crypto-5.6.2.jar:/home/steve/.m2/repository/org/springframework/security/spring-security-web/5.6.2/spring-security-web-5.6.2.jar:/home/steve/.m2/repository/jakarta/persistence/jakarta.persistence-api/3.1.0/jakarta.persistence-api-3.1.0.jar:"/>
    <property name="sun.cpu.endian" value="little"/>
    <property name="user.home" value="/home/steve"/>
    <property name="user.language" value="zh"/>
    <property name="java.specification.vendor" value="Oracle Corporation"/>
    <property name="java.version.date" value="2022-10-18"/>
    <property name="java.home" value="/usr/lib/jvm/java-17-openjdk-amd64"/>
    <property name="file.separator" value="/"/>
    <property name="basedir" value="/home/steve/program/java-assignment/assignments/Week8/mybatis-plus-code"/>
    <property name="java.vm.compressedOopsMode" value="Zero based"/>
    <property name="line.separator" value="&#10;"/>
    <property name="java.vm.specification.vendor" value="Oracle Corporation"/>
    <property name="java.specification.name" value="Java Platform API Specification"/>
    <property name="surefire.real.class.path" value="/home/steve/program/java-assignment/assignments/Week8/mybatis-plus-code/target/surefire/surefirebooter15642159750632065388.jar"/>
    <property name="sun.management.compiler" value="HotSpot 64-Bit Tiered Compilers"/>
    <property name="java.runtime.version" value="17.0.5+8-Ubuntu-2ubuntu122.04"/>
    <property name="user.name" value="steve"/>
    <property name="path.separator" value=":"/>
    <property name="os.version" value="5.15.0-53-generic"/>
    <property name="java.runtime.name" value="OpenJDK Runtime Environment"/>
    <property name="file.encoding" value="UTF-8"/>
    <property name="java.vm.name" value="OpenJDK 64-Bit Server VM"/>
    <property name="localRepository" value="/home/steve/.m2/repository"/>
    <property name="java.vendor.url.bug" value="Unknown"/>
    <property name="java.io.tmpdir" value="/tmp"/>
    <property name="idea.version" value="2022.2.3"/>
    <property name="java.version" value="17.0.5"/>
    <property name="user.dir" value="/home/steve/program/java-assignment/assignments/Week8/mybatis-plus-code"/>
    <property name="os.arch" value="amd64"/>
    <property name="java.vm.specification.name" value="Java Virtual Machine Specification"/>
    <property name="native.encoding" value="UTF-8"/>
    <property name="java.library.path" value="/usr/java/packages/lib:/usr/lib/x86_64-linux-gnu/jni:/lib/x86_64-linux-gnu:/usr/lib/x86_64-linux-gnu:/usr/lib/jni:/lib:/usr/lib"/>
    <property name="java.vm.info" value="mixed mode, sharing"/>
    <property name="java.vendor" value="Private Build"/>
    <property name="java.vm.version" value="17.0.5+8-Ubuntu-2ubuntu122.04"/>
    <property name="sun.io.unicode.encoding" value="UnicodeLittle"/>
    <property name="java.class.version" value="61.0"/>
  </properties>
  <testcase name="updateProduct" classname="edu.whu.week8.service.impl.ProductServiceImplTest" time="0.01">
    <error message="&#10;### Error updating database.  Cause: java.sql.SQLException: Incorrect string value: &apos;\xE7\x9B\xB8\xE6\x9C\xBA&apos; for column &apos;name&apos; at row 1&#10;### The error may exist in edu/whu/week8/dao/ProductDao.java (best guess)&#10;### The error may involve edu.whu.week8.dao.ProductDao.insert-Inline&#10;### The error occurred while setting parameters&#10;### SQL: INSERT INTO product  ( id, name, price, quantity )  VALUES  ( ?, ?, ?, ? )&#10;### Cause: java.sql.SQLException: Incorrect string value: &apos;\xE7\x9B\xB8\xE6\x9C\xBA&apos; for column &apos;name&apos; at row 1" type="org.apache.ibatis.exceptions.PersistenceException">org.apache.ibatis.exceptions.PersistenceException: 

### Error updating database.  Cause: java.sql.SQLException: Incorrect string value: '\xE7\x9B\xB8\xE6\x9C\xBA' for column 'name' at row 1
### The error may exist in edu/whu/week8/dao/ProductDao.java (best guess)
### The error may involve edu.whu.week8.dao.ProductDao.insert-Inline
### The error occurred while setting parameters
### SQL: INSERT INTO product  ( id, name, price, quantity )  VALUES  ( ?, ?, ?, ? )
### Cause: java.sql.SQLException: Incorrect string value: '\xE7\x9B\xB8\xE6\x9C\xBA' for column 'name' at row 1
	at edu.whu.week8.service.impl.ProductServiceImplTest.updateProduct(ProductServiceImplTest.java:133)
Caused by: java.sql.SQLException: Incorrect string value: '\xE7\x9B\xB8\xE6\x9C\xBA' for column 'name' at row 1
	at edu.whu.week8.service.impl.ProductServiceImplTest.updateProduct(ProductServiceImplTest.java:133)
</error>
    <system-out><![CDATA[2022-11-17 03:56:37.331  INFO 53630 --- [           main] .b.t.c.SpringBootTestContextBootstrapper : Neither @ContextConfiguration nor @ContextHierarchy found for test class [edu.whu.week8.service.impl.ProductServiceImplTest], using SpringBootContextLoader
2022-11-17 03:56:37.332  INFO 53630 --- [           main] o.s.t.c.support.AbstractContextLoader    : Could not detect default resource locations for test class [edu.whu.week8.service.impl.ProductServiceImplTest]: no resource found for suffixes {-context.xml, Context.groovy}.
2022-11-17 03:56:37.333  INFO 53630 --- [           main] t.c.s.AnnotationConfigContextLoaderUtils : Could not detect default configuration classes for test class [edu.whu.week8.service.impl.ProductServiceImplTest]: ProductServiceImplTest does not declare any static, non-private, non-final, nested classes annotated with @Configuration.
2022-11-17 03:56:37.335  INFO 53630 --- [           main] .b.t.c.SpringBootTestContextBootstrapper : Found @SpringBootConfiguration edu.whu.Main for test class edu.whu.week8.service.impl.ProductServiceImplTest
2022-11-17 03:56:37.337  INFO 53630 --- [           main] .b.t.c.SpringBootTestContextBootstrapper : Loaded default TestExecutionListener class names from location [META-INF/spring.factories]: [org.springframework.boot.test.mock.mockito.MockitoTestExecutionListener, org.springframework.boot.test.mock.mockito.ResetMocksTestExecutionListener, org.springframework.boot.test.autoconfigure.restdocs.RestDocsTestExecutionListener, org.springframework.boot.test.autoconfigure.web.client.MockRestServiceServerResetTestExecutionListener, org.springframework.boot.test.autoconfigure.web.servlet.MockMvcPrintOnlyOnFailureTestExecutionListener, org.springframework.boot.test.autoconfigure.web.servlet.WebDriverTestExecutionListener, org.springframework.boot.test.autoconfigure.webservices.client.MockWebServiceServerTestExecutionListener, org.springframework.test.context.web.ServletTestExecutionListener, org.springframework.test.context.support.DirtiesContextBeforeModesTestExecutionListener, org.springframework.test.context.event.ApplicationEventsTestExecutionListener, org.springframework.test.context.support.DependencyInjectionTestExecutionListener, org.springframework.test.context.support.DirtiesContextTestExecutionListener, org.springframework.test.context.transaction.TransactionalTestExecutionListener, org.springframework.test.context.jdbc.SqlScriptsTestExecutionListener, org.springframework.test.context.event.EventPublishingTestExecutionListener]
2022-11-17 03:56:37.338  INFO 53630 --- [           main] .b.t.c.SpringBootTestContextBootstrapper : Using TestExecutionListeners: [org.springframework.test.context.web.ServletTestExecutionListener@1f5f4d48, org.springframework.test.context.support.DirtiesContextBeforeModesTestExecutionListener@2f025e9e, org.springframework.test.context.event.ApplicationEventsTestExecutionListener@2c8e096, org.springframework.boot.test.mock.mockito.MockitoTestExecutionListener@3dabdd11, org.springframework.boot.test.autoconfigure.SpringBootDependencyInjectionTestExecutionListener@587bf2e1, org.springframework.test.context.support.DirtiesContextTestExecutionListener@6530a1de, org.springframework.test.context.transaction.TransactionalTestExecutionListener@20b921be, org.springframework.test.context.jdbc.SqlScriptsTestExecutionListener@431923ed, org.springframework.test.context.event.EventPublishingTestExecutionListener@44723d95, org.springframework.boot.test.mock.mockito.ResetMocksTestExecutionListener@242c4a94, org.springframework.boot.test.autoconfigure.restdocs.RestDocsTestExecutionListener@4df13b7e, org.springframework.boot.test.autoconfigure.web.client.MockRestServiceServerResetTestExecutionListener@477d6f66, org.springframework.boot.test.autoconfigure.web.servlet.MockMvcPrintOnlyOnFailureTestExecutionListener@12b66c89, org.springframework.boot.test.autoconfigure.web.servlet.WebDriverTestExecutionListener@5408fca1, org.springframework.boot.test.autoconfigure.webservices.client.MockWebServiceServerTestExecutionListener@10660795]
2022-11-17 03:56:37.351  INFO 53630 --- [           main] o.s.t.c.transaction.TransactionContext   : Began transaction (1) for test context [DefaultTestContext@2e3b4394 testClass = ProductServiceImplTest, testInstance = edu.whu.week8.service.impl.ProductServiceImplTest@70ccb3bf, testMethod = updateProduct@ProductServiceImplTest, testException = [null], mergedContextConfiguration = [WebMergedContextConfiguration@10ffe32f testClass = ProductServiceImplTest, locations = '{}', classes = '{class edu.whu.Main}', contextInitializerClasses = '[]', activeProfiles = '{}', propertySourceLocations = '{}', propertySourceProperties = '{org.springframework.boot.test.context.SpringBootTestContextBootstrapper=true}', contextCustomizers = set[org.springframework.boot.test.context.filter.ExcludeFilterContextCustomizer@3541cb24, org.springframework.boot.test.json.DuplicateJsonObjectContextCustomizerFactory$DuplicateJsonObjectContextCustomizer@13b13b5d, org.springframework.boot.test.mock.mockito.MockitoContextCustomizer@0, org.springframework.boot.test.web.client.TestRestTemplateContextCustomizer@3246fb96, org.springframework.boot.test.autoconfigure.actuate.metrics.MetricsExportContextCustomizerFactory$DisableMetricExportContextCustomizer@65f095f8, org.springframework.boot.test.autoconfigure.properties.PropertyMappingContextCustomizer@0, org.springframework.boot.test.autoconfigure.web.servlet.WebDriverContextCustomizerFactory$Customizer@120f102b, org.springframework.boot.test.context.SpringBootTestArgs@1, org.springframework.boot.test.context.SpringBootTestWebEnvironment@5bc79255], resourceBasePath = 'src/main/webapp', contextLoader = 'org.springframework.boot.test.context.SpringBootContextLoader', parent = [null]], attributes = map['org.springframework.test.context.web.ServletTestExecutionListener.activateListener' -> true, 'org.springframework.test.context.web.ServletTestExecutionListener.populatedRequestContextHolder' -> true, 'org.springframework.test.context.web.ServletTestExecutionListener.resetRequestContextHolder' -> true, 'org.springframework.test.context.event.ApplicationEventsTestExecutionListener.recordApplicationEvents' -> false]]; transaction manager [org.springframework.jdbc.support.JdbcTransactionManager@55c20a91]; rollback [true]
Creating a new SqlSession
Registering transaction synchronization for SqlSession [org.apache.ibatis.session.defaults.DefaultSqlSession@13868c41]
JDBC Connection [HikariProxyConnection@1913740360 wrapping com.mysql.cj.jdbc.ConnectionImpl@2adce412] will be managed by Spring
==>  Preparing: INSERT INTO product ( id, name, price, quantity ) VALUES ( ?, ?, ?, ? )
==> Parameters: 60f2efcc-7a00-418c-b143-03ba532f2da0(String), 相机(String), 8.99(BigDecimal), 100(Long)
Releasing transactional SqlSession [org.apache.ibatis.session.defaults.DefaultSqlSession@13868c41]
Transaction synchronization deregistering SqlSession [org.apache.ibatis.session.defaults.DefaultSqlSession@13868c41]
Transaction synchronization closing SqlSession [org.apache.ibatis.session.defaults.DefaultSqlSession@13868c41]
2022-11-17 03:56:37.366  INFO 53630 --- [           main] o.s.t.c.transaction.TransactionContext   : Rolled back transaction for test: [DefaultTestContext@2e3b4394 testClass = ProductServiceImplTest, testInstance = edu.whu.week8.service.impl.ProductServiceImplTest@70ccb3bf, testMethod = updateProduct@ProductServiceImplTest, testException = org.apache.ibatis.exceptions.PersistenceException: 
### Error updating database.  Cause: java.sql.SQLException: Incorrect string value: '\xE7\x9B\xB8\xE6\x9C\xBA' for column 'name' at row 1
### The error may exist in edu/whu/week8/dao/ProductDao.java (best guess)
### The error may involve edu.whu.week8.dao.ProductDao.insert-Inline
### The error occurred while setting parameters
### SQL: INSERT INTO product  ( id, name, price, quantity )  VALUES  ( ?, ?, ?, ? )
### Cause: java.sql.SQLException: Incorrect string value: '\xE7\x9B\xB8\xE6\x9C\xBA' for column 'name' at row 1, mergedContextConfiguration = [WebMergedContextConfiguration@10ffe32f testClass = ProductServiceImplTest, locations = '{}', classes = '{class edu.whu.Main}', contextInitializerClasses = '[]', activeProfiles = '{}', propertySourceLocations = '{}', propertySourceProperties = '{org.springframework.boot.test.context.SpringBootTestContextBootstrapper=true}', contextCustomizers = set[org.springframework.boot.test.context.filter.ExcludeFilterContextCustomizer@3541cb24, org.springframework.boot.test.json.DuplicateJsonObjectContextCustomizerFactory$DuplicateJsonObjectContextCustomizer@13b13b5d, org.springframework.boot.test.mock.mockito.MockitoContextCustomizer@0, org.springframework.boot.test.web.client.TestRestTemplateContextCustomizer@3246fb96, org.springframework.boot.test.autoconfigure.actuate.metrics.MetricsExportContextCustomizerFactory$DisableMetricExportContextCustomizer@65f095f8, org.springframework.boot.test.autoconfigure.properties.PropertyMappingContextCustomizer@0, org.springframework.boot.test.autoconfigure.web.servlet.WebDriverContextCustomizerFactory$Customizer@120f102b, org.springframework.boot.test.context.SpringBootTestArgs@1, org.springframework.boot.test.context.SpringBootTestWebEnvironment@5bc79255], resourceBasePath = 'src/main/webapp', contextLoader = 'org.springframework.boot.test.context.SpringBootContextLoader', parent = [null]], attributes = map['org.springframework.test.context.web.ServletTestExecutionListener.activateListener' -> true, 'org.springframework.test.context.web.ServletTestExecutionListener.populatedRequestContextHolder' -> true, 'org.springframework.test.context.web.ServletTestExecutionListener.resetRequestContextHolder' -> true, 'org.springframework.test.context.event.ApplicationEventsTestExecutionListener.recordApplicationEvents' -> false]]
]]></system-out>
  </testcase>
  <testcase name="deleteProduct" classname="edu.whu.week8.service.impl.ProductServiceImplTest" time="0.014">
    <error message="&#10;### Error updating database.  Cause: java.sql.SQLException: Incorrect string value: &apos;\xE7\x9B\xB8\xE6\x9C\xBA&apos; for column &apos;name&apos; at row 1&#10;### The error may exist in edu/whu/week8/dao/ProductDao.java (best guess)&#10;### The error may involve edu.whu.week8.dao.ProductDao.insert-Inline&#10;### The error occurred while setting parameters&#10;### SQL: INSERT INTO product  ( id, name, price, quantity )  VALUES  ( ?, ?, ?, ? )&#10;### Cause: java.sql.SQLException: Incorrect string value: &apos;\xE7\x9B\xB8\xE6\x9C\xBA&apos; for column &apos;name&apos; at row 1" type="org.apache.ibatis.exceptions.PersistenceException">org.apache.ibatis.exceptions.PersistenceException: 

### Error updating database.  Cause: java.sql.SQLException: Incorrect string value: '\xE7\x9B\xB8\xE6\x9C\xBA' for column 'name' at row 1
### The error may exist in edu/whu/week8/dao/ProductDao.java (best guess)
### The error may involve edu.whu.week8.dao.ProductDao.insert-Inline
### The error occurred while setting parameters
### SQL: INSERT INTO product  ( id, name, price, quantity )  VALUES  ( ?, ?, ?, ? )
### Cause: java.sql.SQLException: Incorrect string value: '\xE7\x9B\xB8\xE6\x9C\xBA' for column 'name' at row 1
	at edu.whu.week8.service.impl.ProductServiceImplTest.deleteProduct(ProductServiceImplTest.java:99)
Caused by: java.sql.SQLException: Incorrect string value: '\xE7\x9B\xB8\xE6\x9C\xBA' for column 'name' at row 1
	at edu.whu.week8.service.impl.ProductServiceImplTest.deleteProduct(ProductServiceImplTest.java:99)
</error>
    <system-out><![CDATA[2022-11-17 03:56:37.372  INFO 53630 --- [           main] o.s.t.c.transaction.TransactionContext   : Began transaction (1) for test context [DefaultTestContext@2e3b4394 testClass = ProductServiceImplTest, testInstance = edu.whu.week8.service.impl.ProductServiceImplTest@3adb4cc8, testMethod = deleteProduct@ProductServiceImplTest, testException = [null], mergedContextConfiguration = [WebMergedContextConfiguration@10ffe32f testClass = ProductServiceImplTest, locations = '{}', classes = '{class edu.whu.Main}', contextInitializerClasses = '[]', activeProfiles = '{}', propertySourceLocations = '{}', propertySourceProperties = '{org.springframework.boot.test.context.SpringBootTestContextBootstrapper=true}', contextCustomizers = set[org.springframework.boot.test.context.filter.ExcludeFilterContextCustomizer@3541cb24, org.springframework.boot.test.json.DuplicateJsonObjectContextCustomizerFactory$DuplicateJsonObjectContextCustomizer@13b13b5d, org.springframework.boot.test.mock.mockito.MockitoContextCustomizer@0, org.springframework.boot.test.web.client.TestRestTemplateContextCustomizer@3246fb96, org.springframework.boot.test.autoconfigure.actuate.metrics.MetricsExportContextCustomizerFactory$DisableMetricExportContextCustomizer@65f095f8, org.springframework.boot.test.autoconfigure.properties.PropertyMappingContextCustomizer@0, org.springframework.boot.test.autoconfigure.web.servlet.WebDriverContextCustomizerFactory$Customizer@120f102b, org.springframework.boot.test.context.SpringBootTestArgs@1, org.springframework.boot.test.context.SpringBootTestWebEnvironment@5bc79255], resourceBasePath = 'src/main/webapp', contextLoader = 'org.springframework.boot.test.context.SpringBootContextLoader', parent = [null]], attributes = map['org.springframework.test.context.web.ServletTestExecutionListener.activateListener' -> true, 'org.springframework.test.context.web.ServletTestExecutionListener.populatedRequestContextHolder' -> true, 'org.springframework.test.context.web.ServletTestExecutionListener.resetRequestContextHolder' -> true, 'org.springframework.test.context.event.ApplicationEventsTestExecutionListener.recordApplicationEvents' -> false]]; transaction manager [org.springframework.jdbc.support.JdbcTransactionManager@55c20a91]; rollback [true]
Creating a new SqlSession
Registering transaction synchronization for SqlSession [org.apache.ibatis.session.defaults.DefaultSqlSession@779136bf]
JDBC Connection [HikariProxyConnection@1403255947 wrapping com.mysql.cj.jdbc.ConnectionImpl@2adce412] will be managed by Spring
==>  Preparing: INSERT INTO product ( id, name, price, quantity ) VALUES ( ?, ?, ?, ? )
==> Parameters: 3d49072d-4f96-466e-804d-5f2e2dd954b5(String), 相机(String), 8.99(BigDecimal), 100(Long)
Releasing transactional SqlSession [org.apache.ibatis.session.defaults.DefaultSqlSession@779136bf]
Transaction synchronization deregistering SqlSession [org.apache.ibatis.session.defaults.DefaultSqlSession@779136bf]
Transaction synchronization closing SqlSession [org.apache.ibatis.session.defaults.DefaultSqlSession@779136bf]
2022-11-17 03:56:37.386  INFO 53630 --- [           main] o.s.t.c.transaction.TransactionContext   : Rolled back transaction for test: [DefaultTestContext@2e3b4394 testClass = ProductServiceImplTest, testInstance = edu.whu.week8.service.impl.ProductServiceImplTest@3adb4cc8, testMethod = deleteProduct@ProductServiceImplTest, testException = org.apache.ibatis.exceptions.PersistenceException: 
### Error updating database.  Cause: java.sql.SQLException: Incorrect string value: '\xE7\x9B\xB8\xE6\x9C\xBA' for column 'name' at row 1
### The error may exist in edu/whu/week8/dao/ProductDao.java (best guess)
### The error may involve edu.whu.week8.dao.ProductDao.insert-Inline
### The error occurred while setting parameters
### SQL: INSERT INTO product  ( id, name, price, quantity )  VALUES  ( ?, ?, ?, ? )
### Cause: java.sql.SQLException: Incorrect string value: '\xE7\x9B\xB8\xE6\x9C\xBA' for column 'name' at row 1, mergedContextConfiguration = [WebMergedContextConfiguration@10ffe32f testClass = ProductServiceImplTest, locations = '{}', classes = '{class edu.whu.Main}', contextInitializerClasses = '[]', activeProfiles = '{}', propertySourceLocations = '{}', propertySourceProperties = '{org.springframework.boot.test.context.SpringBootTestContextBootstrapper=true}', contextCustomizers = set[org.springframework.boot.test.context.filter.ExcludeFilterContextCustomizer@3541cb24, org.springframework.boot.test.json.DuplicateJsonObjectContextCustomizerFactory$DuplicateJsonObjectContextCustomizer@13b13b5d, org.springframework.boot.test.mock.mockito.MockitoContextCustomizer@0, org.springframework.boot.test.web.client.TestRestTemplateContextCustomizer@3246fb96, org.springframework.boot.test.autoconfigure.actuate.metrics.MetricsExportContextCustomizerFactory$DisableMetricExportContextCustomizer@65f095f8, org.springframework.boot.test.autoconfigure.properties.PropertyMappingContextCustomizer@0, org.springframework.boot.test.autoconfigure.web.servlet.WebDriverContextCustomizerFactory$Customizer@120f102b, org.springframework.boot.test.context.SpringBootTestArgs@1, org.springframework.boot.test.context.SpringBootTestWebEnvironment@5bc79255], resourceBasePath = 'src/main/webapp', contextLoader = 'org.springframework.boot.test.context.SpringBootContextLoader', parent = [null]], attributes = map['org.springframework.test.context.web.ServletTestExecutionListener.activateListener' -> true, 'org.springframework.test.context.web.ServletTestExecutionListener.populatedRequestContextHolder' -> true, 'org.springframework.test.context.web.ServletTestExecutionListener.resetRequestContextHolder' -> true, 'org.springframework.test.context.event.ApplicationEventsTestExecutionListener.recordApplicationEvents' -> false]]
]]></system-out>
  </testcase>
  <testcase name="selectProduct" classname="edu.whu.week8.service.impl.ProductServiceImplTest" time="0.011">
    <error message="&#10;### Error updating database.  Cause: java.sql.SQLException: Incorrect string value: &apos;\xE4\xB8\x89\xE6\x98\x9F&apos; for column &apos;name&apos; at row 1&#10;### The error may exist in edu/whu/week8/dao/SupplierDao.java (best guess)&#10;### The error may involve edu.whu.week8.dao.SupplierDao.insert-Inline&#10;### The error occurred while setting parameters&#10;### SQL: INSERT INTO supplier  ( id, email, name, phone )  VALUES  ( ?, ?, ?, ? )&#10;### Cause: java.sql.SQLException: Incorrect string value: &apos;\xE4\xB8\x89\xE6\x98\x9F&apos; for column &apos;name&apos; at row 1" type="org.apache.ibatis.exceptions.PersistenceException">org.apache.ibatis.exceptions.PersistenceException: 

### Error updating database.  Cause: java.sql.SQLException: Incorrect string value: '\xE4\xB8\x89\xE6\x98\x9F' for column 'name' at row 1
### The error may exist in edu/whu/week8/dao/SupplierDao.java (best guess)
### The error may involve edu.whu.week8.dao.SupplierDao.insert-Inline
### The error occurred while setting parameters
### SQL: INSERT INTO supplier  ( id, email, name, phone )  VALUES  ( ?, ?, ?, ? )
### Cause: java.sql.SQLException: Incorrect string value: '\xE4\xB8\x89\xE6\x98\x9F' for column 'name' at row 1
	at edu.whu.week8.service.impl.ProductServiceImplTest.selectProduct(ProductServiceImplTest.java:151)
Caused by: java.sql.SQLException: Incorrect string value: '\xE4\xB8\x89\xE6\x98\x9F' for column 'name' at row 1
	at edu.whu.week8.service.impl.ProductServiceImplTest.selectProduct(ProductServiceImplTest.java:151)
</error>
    <system-out><![CDATA[2022-11-17 03:56:37.391  INFO 53630 --- [           main] o.s.t.c.transaction.TransactionContext   : Began transaction (1) for test context [DefaultTestContext@2e3b4394 testClass = ProductServiceImplTest, testInstance = edu.whu.week8.service.impl.ProductServiceImplTest@337e573b, testMethod = selectProduct@ProductServiceImplTest, testException = [null], mergedContextConfiguration = [WebMergedContextConfiguration@10ffe32f testClass = ProductServiceImplTest, locations = '{}', classes = '{class edu.whu.Main}', contextInitializerClasses = '[]', activeProfiles = '{}', propertySourceLocations = '{}', propertySourceProperties = '{org.springframework.boot.test.context.SpringBootTestContextBootstrapper=true}', contextCustomizers = set[org.springframework.boot.test.context.filter.ExcludeFilterContextCustomizer@3541cb24, org.springframework.boot.test.json.DuplicateJsonObjectContextCustomizerFactory$DuplicateJsonObjectContextCustomizer@13b13b5d, org.springframework.boot.test.mock.mockito.MockitoContextCustomizer@0, org.springframework.boot.test.web.client.TestRestTemplateContextCustomizer@3246fb96, org.springframework.boot.test.autoconfigure.actuate.metrics.MetricsExportContextCustomizerFactory$DisableMetricExportContextCustomizer@65f095f8, org.springframework.boot.test.autoconfigure.properties.PropertyMappingContextCustomizer@0, org.springframework.boot.test.autoconfigure.web.servlet.WebDriverContextCustomizerFactory$Customizer@120f102b, org.springframework.boot.test.context.SpringBootTestArgs@1, org.springframework.boot.test.context.SpringBootTestWebEnvironment@5bc79255], resourceBasePath = 'src/main/webapp', contextLoader = 'org.springframework.boot.test.context.SpringBootContextLoader', parent = [null]], attributes = map['org.springframework.test.context.web.ServletTestExecutionListener.activateListener' -> true, 'org.springframework.test.context.web.ServletTestExecutionListener.populatedRequestContextHolder' -> true, 'org.springframework.test.context.web.ServletTestExecutionListener.resetRequestContextHolder' -> true, 'org.springframework.test.context.event.ApplicationEventsTestExecutionListener.recordApplicationEvents' -> false]]; transaction manager [org.springframework.jdbc.support.JdbcTransactionManager@55c20a91]; rollback [true]
Creating a new SqlSession
Registering transaction synchronization for SqlSession [org.apache.ibatis.session.defaults.DefaultSqlSession@4d24ab25]
JDBC Connection [HikariProxyConnection@1490353715 wrapping com.mysql.cj.jdbc.ConnectionImpl@2adce412] will be managed by Spring
==>  Preparing: INSERT INTO supplier ( id, email, name, phone ) VALUES ( ?, ?, ?, ? )
==> Parameters: 35acb3ec-4256-45a5-bd2b-0cb45b919cb5(String), samsung@samsung.com(String), 三星(String), 010-8887777(String)
Releasing transactional SqlSession [org.apache.ibatis.session.defaults.DefaultSqlSession@4d24ab25]
Transaction synchronization deregistering SqlSession [org.apache.ibatis.session.defaults.DefaultSqlSession@4d24ab25]
Transaction synchronization closing SqlSession [org.apache.ibatis.session.defaults.DefaultSqlSession@4d24ab25]
2022-11-17 03:56:37.407  INFO 53630 --- [           main] o.s.t.c.transaction.TransactionContext   : Rolled back transaction for test: [DefaultTestContext@2e3b4394 testClass = ProductServiceImplTest, testInstance = edu.whu.week8.service.impl.ProductServiceImplTest@337e573b, testMethod = selectProduct@ProductServiceImplTest, testException = org.apache.ibatis.exceptions.PersistenceException: 
### Error updating database.  Cause: java.sql.SQLException: Incorrect string value: '\xE4\xB8\x89\xE6\x98\x9F' for column 'name' at row 1
### The error may exist in edu/whu/week8/dao/SupplierDao.java (best guess)
### The error may involve edu.whu.week8.dao.SupplierDao.insert-Inline
### The error occurred while setting parameters
### SQL: INSERT INTO supplier  ( id, email, name, phone )  VALUES  ( ?, ?, ?, ? )
### Cause: java.sql.SQLException: Incorrect string value: '\xE4\xB8\x89\xE6\x98\x9F' for column 'name' at row 1, mergedContextConfiguration = [WebMergedContextConfiguration@10ffe32f testClass = ProductServiceImplTest, locations = '{}', classes = '{class edu.whu.Main}', contextInitializerClasses = '[]', activeProfiles = '{}', propertySourceLocations = '{}', propertySourceProperties = '{org.springframework.boot.test.context.SpringBootTestContextBootstrapper=true}', contextCustomizers = set[org.springframework.boot.test.context.filter.ExcludeFilterContextCustomizer@3541cb24, org.springframework.boot.test.json.DuplicateJsonObjectContextCustomizerFactory$DuplicateJsonObjectContextCustomizer@13b13b5d, org.springframework.boot.test.mock.mockito.MockitoContextCustomizer@0, org.springframework.boot.test.web.client.TestRestTemplateContextCustomizer@3246fb96, org.springframework.boot.test.autoconfigure.actuate.metrics.MetricsExportContextCustomizerFactory$DisableMetricExportContextCustomizer@65f095f8, org.springframework.boot.test.autoconfigure.properties.PropertyMappingContextCustomizer@0, org.springframework.boot.test.autoconfigure.web.servlet.WebDriverContextCustomizerFactory$Customizer@120f102b, org.springframework.boot.test.context.SpringBootTestArgs@1, org.springframework.boot.test.context.SpringBootTestWebEnvironment@5bc79255], resourceBasePath = 'src/main/webapp', contextLoader = 'org.springframework.boot.test.context.SpringBootContextLoader', parent = [null]], attributes = map['org.springframework.test.context.web.ServletTestExecutionListener.activateListener' -> true, 'org.springframework.test.context.web.ServletTestExecutionListener.populatedRequestContextHolder' -> true, 'org.springframework.test.context.web.ServletTestExecutionListener.resetRequestContextHolder' -> true, 'org.springframework.test.context.event.ApplicationEventsTestExecutionListener.recordApplicationEvents' -> false]]
]]></system-out>
  </testcase>
  <testcase name="getProduct" classname="edu.whu.week8.service.impl.ProductServiceImplTest" time="0.011">
    <error message="&#10;### Error updating database.  Cause: java.sql.SQLException: Incorrect string value: &apos;\xE7\x9B\xB8\xE6\x9C\xBA&apos; for column &apos;name&apos; at row 1&#10;### The error may exist in edu/whu/week8/dao/ProductDao.java (best guess)&#10;### The error may involve edu.whu.week8.dao.ProductDao.insert-Inline&#10;### The error occurred while setting parameters&#10;### SQL: INSERT INTO product  ( id, name, price, quantity )  VALUES  ( ?, ?, ?, ? )&#10;### Cause: java.sql.SQLException: Incorrect string value: &apos;\xE7\x9B\xB8\xE6\x9C\xBA&apos; for column &apos;name&apos; at row 1" type="org.apache.ibatis.exceptions.PersistenceException">org.apache.ibatis.exceptions.PersistenceException: 

### Error updating database.  Cause: java.sql.SQLException: Incorrect string value: '\xE7\x9B\xB8\xE6\x9C\xBA' for column 'name' at row 1
### The error may exist in edu/whu/week8/dao/ProductDao.java (best guess)
### The error may involve edu.whu.week8.dao.ProductDao.insert-Inline
### The error occurred while setting parameters
### SQL: INSERT INTO product  ( id, name, price, quantity )  VALUES  ( ?, ?, ?, ? )
### Cause: java.sql.SQLException: Incorrect string value: '\xE7\x9B\xB8\xE6\x9C\xBA' for column 'name' at row 1
	at edu.whu.week8.service.impl.ProductServiceImplTest.getProduct(ProductServiceImplTest.java:116)
Caused by: java.sql.SQLException: Incorrect string value: '\xE7\x9B\xB8\xE6\x9C\xBA' for column 'name' at row 1
	at edu.whu.week8.service.impl.ProductServiceImplTest.getProduct(ProductServiceImplTest.java:116)
</error>
    <system-out><![CDATA[2022-11-17 03:56:37.412  INFO 53630 --- [           main] o.s.t.c.transaction.TransactionContext   : Began transaction (1) for test context [DefaultTestContext@2e3b4394 testClass = ProductServiceImplTest, testInstance = edu.whu.week8.service.impl.ProductServiceImplTest@1952ad9d, testMethod = getProduct@ProductServiceImplTest, testException = [null], mergedContextConfiguration = [WebMergedContextConfiguration@10ffe32f testClass = ProductServiceImplTest, locations = '{}', classes = '{class edu.whu.Main}', contextInitializerClasses = '[]', activeProfiles = '{}', propertySourceLocations = '{}', propertySourceProperties = '{org.springframework.boot.test.context.SpringBootTestContextBootstrapper=true}', contextCustomizers = set[org.springframework.boot.test.context.filter.ExcludeFilterContextCustomizer@3541cb24, org.springframework.boot.test.json.DuplicateJsonObjectContextCustomizerFactory$DuplicateJsonObjectContextCustomizer@13b13b5d, org.springframework.boot.test.mock.mockito.MockitoContextCustomizer@0, org.springframework.boot.test.web.client.TestRestTemplateContextCustomizer@3246fb96, org.springframework.boot.test.autoconfigure.actuate.metrics.MetricsExportContextCustomizerFactory$DisableMetricExportContextCustomizer@65f095f8, org.springframework.boot.test.autoconfigure.properties.PropertyMappingContextCustomizer@0, org.springframework.boot.test.autoconfigure.web.servlet.WebDriverContextCustomizerFactory$Customizer@120f102b, org.springframework.boot.test.context.SpringBootTestArgs@1, org.springframework.boot.test.context.SpringBootTestWebEnvironment@5bc79255], resourceBasePath = 'src/main/webapp', contextLoader = 'org.springframework.boot.test.context.SpringBootContextLoader', parent = [null]], attributes = map['org.springframework.test.context.web.ServletTestExecutionListener.activateListener' -> true, 'org.springframework.test.context.web.ServletTestExecutionListener.populatedRequestContextHolder' -> true, 'org.springframework.test.context.web.ServletTestExecutionListener.resetRequestContextHolder' -> true, 'org.springframework.test.context.event.ApplicationEventsTestExecutionListener.recordApplicationEvents' -> false]]; transaction manager [org.springframework.jdbc.support.JdbcTransactionManager@55c20a91]; rollback [true]
Creating a new SqlSession
Registering transaction synchronization for SqlSession [org.apache.ibatis.session.defaults.DefaultSqlSession@71c74011]
JDBC Connection [HikariProxyConnection@1657936637 wrapping com.mysql.cj.jdbc.ConnectionImpl@2adce412] will be managed by Spring
==>  Preparing: INSERT INTO product ( id, name, price, quantity ) VALUES ( ?, ?, ?, ? )
==> Parameters: 77d8cd57-ef98-455d-8a48-433277426040(String), 相机(String), 8.99(BigDecimal), 100(Long)
Releasing transactional SqlSession [org.apache.ibatis.session.defaults.DefaultSqlSession@71c74011]
Transaction synchronization deregistering SqlSession [org.apache.ibatis.session.defaults.DefaultSqlSession@71c74011]
Transaction synchronization closing SqlSession [org.apache.ibatis.session.defaults.DefaultSqlSession@71c74011]
2022-11-17 03:56:37.423  INFO 53630 --- [           main] o.s.t.c.transaction.TransactionContext   : Rolled back transaction for test: [DefaultTestContext@2e3b4394 testClass = ProductServiceImplTest, testInstance = edu.whu.week8.service.impl.ProductServiceImplTest@1952ad9d, testMethod = getProduct@ProductServiceImplTest, testException = org.apache.ibatis.exceptions.PersistenceException: 
### Error updating database.  Cause: java.sql.SQLException: Incorrect string value: '\xE7\x9B\xB8\xE6\x9C\xBA' for column 'name' at row 1
### The error may exist in edu/whu/week8/dao/ProductDao.java (best guess)
### The error may involve edu.whu.week8.dao.ProductDao.insert-Inline
### The error occurred while setting parameters
### SQL: INSERT INTO product  ( id, name, price, quantity )  VALUES  ( ?, ?, ?, ? )
### Cause: java.sql.SQLException: Incorrect string value: '\xE7\x9B\xB8\xE6\x9C\xBA' for column 'name' at row 1, mergedContextConfiguration = [WebMergedContextConfiguration@10ffe32f testClass = ProductServiceImplTest, locations = '{}', classes = '{class edu.whu.Main}', contextInitializerClasses = '[]', activeProfiles = '{}', propertySourceLocations = '{}', propertySourceProperties = '{org.springframework.boot.test.context.SpringBootTestContextBootstrapper=true}', contextCustomizers = set[org.springframework.boot.test.context.filter.ExcludeFilterContextCustomizer@3541cb24, org.springframework.boot.test.json.DuplicateJsonObjectContextCustomizerFactory$DuplicateJsonObjectContextCustomizer@13b13b5d, org.springframework.boot.test.mock.mockito.MockitoContextCustomizer@0, org.springframework.boot.test.web.client.TestRestTemplateContextCustomizer@3246fb96, org.springframework.boot.test.autoconfigure.actuate.metrics.MetricsExportContextCustomizerFactory$DisableMetricExportContextCustomizer@65f095f8, org.springframework.boot.test.autoconfigure.properties.PropertyMappingContextCustomizer@0, org.springframework.boot.test.autoconfigure.web.servlet.WebDriverContextCustomizerFactory$Customizer@120f102b, org.springframework.boot.test.context.SpringBootTestArgs@1, org.springframework.boot.test.context.SpringBootTestWebEnvironment@5bc79255], resourceBasePath = 'src/main/webapp', contextLoader = 'org.springframework.boot.test.context.SpringBootContextLoader', parent = [null]], attributes = map['org.springframework.test.context.web.ServletTestExecutionListener.activateListener' -> true, 'org.springframework.test.context.web.ServletTestExecutionListener.populatedRequestContextHolder' -> true, 'org.springframework.test.context.web.ServletTestExecutionListener.resetRequestContextHolder' -> true, 'org.springframework.test.context.event.ApplicationEventsTestExecutionListener.recordApplicationEvents' -> false]]
]]></system-out>
  </testcase>
  <testcase name="addProduct" classname="edu.whu.week8.service.impl.ProductServiceImplTest" time="0.011">
    <error message="&#10;### Error updating database.  Cause: java.sql.SQLException: Incorrect string value: &apos;\xE4\xB8\x89\xE6\x98\x9F&apos; for column &apos;name&apos; at row 1&#10;### The error may exist in edu/whu/week8/dao/SupplierDao.java (best guess)&#10;### The error may involve edu.whu.week8.dao.SupplierDao.insert-Inline&#10;### The error occurred while setting parameters&#10;### SQL: INSERT INTO supplier  ( id, email, name, phone )  VALUES  ( ?, ?, ?, ? )&#10;### Cause: java.sql.SQLException: Incorrect string value: &apos;\xE4\xB8\x89\xE6\x98\x9F&apos; for column &apos;name&apos; at row 1" type="org.apache.ibatis.exceptions.PersistenceException">org.apache.ibatis.exceptions.PersistenceException: 

### Error updating database.  Cause: java.sql.SQLException: Incorrect string value: '\xE4\xB8\x89\xE6\x98\x9F' for column 'name' at row 1
### The error may exist in edu/whu/week8/dao/SupplierDao.java (best guess)
### The error may involve edu.whu.week8.dao.SupplierDao.insert-Inline
### The error occurred while setting parameters
### SQL: INSERT INTO supplier  ( id, email, name, phone )  VALUES  ( ?, ?, ?, ? )
### Cause: java.sql.SQLException: Incorrect string value: '\xE4\xB8\x89\xE6\x98\x9F' for column 'name' at row 1
	at edu.whu.week8.service.impl.ProductServiceImplTest.addProduct(ProductServiceImplTest.java:75)
Caused by: java.sql.SQLException: Incorrect string value: '\xE4\xB8\x89\xE6\x98\x9F' for column 'name' at row 1
	at edu.whu.week8.service.impl.ProductServiceImplTest.addProduct(ProductServiceImplTest.java:75)
</error>
    <system-out><![CDATA[2022-11-17 03:56:37.427  INFO 53630 --- [           main] o.s.t.c.transaction.TransactionContext   : Began transaction (1) for test context [DefaultTestContext@2e3b4394 testClass = ProductServiceImplTest, testInstance = edu.whu.week8.service.impl.ProductServiceImplTest@6ee07d7f, testMethod = addProduct@ProductServiceImplTest, testException = [null], mergedContextConfiguration = [WebMergedContextConfiguration@10ffe32f testClass = ProductServiceImplTest, locations = '{}', classes = '{class edu.whu.Main}', contextInitializerClasses = '[]', activeProfiles = '{}', propertySourceLocations = '{}', propertySourceProperties = '{org.springframework.boot.test.context.SpringBootTestContextBootstrapper=true}', contextCustomizers = set[org.springframework.boot.test.context.filter.ExcludeFilterContextCustomizer@3541cb24, org.springframework.boot.test.json.DuplicateJsonObjectContextCustomizerFactory$DuplicateJsonObjectContextCustomizer@13b13b5d, org.springframework.boot.test.mock.mockito.MockitoContextCustomizer@0, org.springframework.boot.test.web.client.TestRestTemplateContextCustomizer@3246fb96, org.springframework.boot.test.autoconfigure.actuate.metrics.MetricsExportContextCustomizerFactory$DisableMetricExportContextCustomizer@65f095f8, org.springframework.boot.test.autoconfigure.properties.PropertyMappingContextCustomizer@0, org.springframework.boot.test.autoconfigure.web.servlet.WebDriverContextCustomizerFactory$Customizer@120f102b, org.springframework.boot.test.context.SpringBootTestArgs@1, org.springframework.boot.test.context.SpringBootTestWebEnvironment@5bc79255], resourceBasePath = 'src/main/webapp', contextLoader = 'org.springframework.boot.test.context.SpringBootContextLoader', parent = [null]], attributes = map['org.springframework.test.context.web.ServletTestExecutionListener.activateListener' -> true, 'org.springframework.test.context.web.ServletTestExecutionListener.populatedRequestContextHolder' -> true, 'org.springframework.test.context.web.ServletTestExecutionListener.resetRequestContextHolder' -> true, 'org.springframework.test.context.event.ApplicationEventsTestExecutionListener.recordApplicationEvents' -> false]]; transaction manager [org.springframework.jdbc.support.JdbcTransactionManager@55c20a91]; rollback [true]
Creating a new SqlSession
Registering transaction synchronization for SqlSession [org.apache.ibatis.session.defaults.DefaultSqlSession@256c6f7a]
JDBC Connection [HikariProxyConnection@627747774 wrapping com.mysql.cj.jdbc.ConnectionImpl@2adce412] will be managed by Spring
==>  Preparing: INSERT INTO supplier ( id, email, name, phone ) VALUES ( ?, ?, ?, ? )
==> Parameters: a9a82050-0585-4cdf-a7c2-4a795061192b(String), samsung@samsung.com(String), 三星(String), 010-8887777(String)
Releasing transactional SqlSession [org.apache.ibatis.session.defaults.DefaultSqlSession@256c6f7a]
Transaction synchronization deregistering SqlSession [org.apache.ibatis.session.defaults.DefaultSqlSession@256c6f7a]
Transaction synchronization closing SqlSession [org.apache.ibatis.session.defaults.DefaultSqlSession@256c6f7a]
2022-11-17 03:56:37.446  INFO 53630 --- [           main] o.s.t.c.transaction.TransactionContext   : Rolled back transaction for test: [DefaultTestContext@2e3b4394 testClass = ProductServiceImplTest, testInstance = edu.whu.week8.service.impl.ProductServiceImplTest@6ee07d7f, testMethod = addProduct@ProductServiceImplTest, testException = org.apache.ibatis.exceptions.PersistenceException: 
### Error updating database.  Cause: java.sql.SQLException: Incorrect string value: '\xE4\xB8\x89\xE6\x98\x9F' for column 'name' at row 1
### The error may exist in edu/whu/week8/dao/SupplierDao.java (best guess)
### The error may involve edu.whu.week8.dao.SupplierDao.insert-Inline
### The error occurred while setting parameters
### SQL: INSERT INTO supplier  ( id, email, name, phone )  VALUES  ( ?, ?, ?, ? )
### Cause: java.sql.SQLException: Incorrect string value: '\xE4\xB8\x89\xE6\x98\x9F' for column 'name' at row 1, mergedContextConfiguration = [WebMergedContextConfiguration@10ffe32f testClass = ProductServiceImplTest, locations = '{}', classes = '{class edu.whu.Main}', contextInitializerClasses = '[]', activeProfiles = '{}', propertySourceLocations = '{}', propertySourceProperties = '{org.springframework.boot.test.context.SpringBootTestContextBootstrapper=true}', contextCustomizers = set[org.springframework.boot.test.context.filter.ExcludeFilterContextCustomizer@3541cb24, org.springframework.boot.test.json.DuplicateJsonObjectContextCustomizerFactory$DuplicateJsonObjectContextCustomizer@13b13b5d, org.springframework.boot.test.mock.mockito.MockitoContextCustomizer@0, org.springframework.boot.test.web.client.TestRestTemplateContextCustomizer@3246fb96, org.springframework.boot.test.autoconfigure.actuate.metrics.MetricsExportContextCustomizerFactory$DisableMetricExportContextCustomizer@65f095f8, org.springframework.boot.test.autoconfigure.properties.PropertyMappingContextCustomizer@0, org.springframework.boot.test.autoconfigure.web.servlet.WebDriverContextCustomizerFactory$Customizer@120f102b, org.springframework.boot.test.context.SpringBootTestArgs@1, org.springframework.boot.test.context.SpringBootTestWebEnvironment@5bc79255], resourceBasePath = 'src/main/webapp', contextLoader = 'org.springframework.boot.test.context.SpringBootContextLoader', parent = [null]], attributes = map['org.springframework.test.context.web.ServletTestExecutionListener.activateListener' -> true, 'org.springframework.test.context.web.ServletTestExecutionListener.populatedRequestContextHolder' -> true, 'org.springframework.test.context.web.ServletTestExecutionListener.resetRequestContextHolder' -> true, 'org.springframework.test.context.event.ApplicationEventsTestExecutionListener.recordApplicationEvents' -> false]]
]]></system-out>
  </testcase>
</testsuite>