<?xml version="1.0" encoding="UTF-8" ?>
<testsuite tests="0" failures="0" name="org.week2.MainTest" time="0" errors="0" skipped="0">
  <properties>
    <property name="idea.version" value="2022.2.2"/>
    <property name="java.runtime.name" value="OpenJDK Runtime Environment"/>
    <property name="java.vm.version" value="17.0.4.1+1-LTS"/>
    <property name="sun.boot.library.path" value="D:\java\jdk-17.0.4.1+1\bin"/>
    <property name="maven.multiModuleProjectDirectory" value="E:\_program\Java\java-assignment\assignments\Week2"/>
    <property name="java.vm.vendor" value="Microsoft"/>
    <property name="java.vendor.url" value="https://www.microsoft.com"/>
    <property name="guice.disable.misplaced.annotation.check" value="true"/>
    <property name="path.separator" value=";"/>
    <property name="java.vm.name" value="OpenJDK 64-Bit Server VM"/>
    <property name="sun.os.patch.level" value=""/>
    <property name="user.script" value=""/>
    <property name="user.country" value="CN"/>
    <property name="sun.java.launcher" value="SUN_STANDARD"/>
    <property name="java.vm.specification.name" value="Java Virtual Machine Specification"/>
    <property name="user.dir" value="E:\_program\Java\java-assignment\assignments\Week2"/>
    <property name="java.vm.compressedOopsMode" value="Zero based"/>
    <property name="java.runtime.version" value="17.0.4.1+1-LTS"/>
    <property name="os.arch" value="amd64"/>
    <property name="java.io.tmpdir" value="C:\Users\13445\AppData\Local\Temp\"/>
    <property name="line.separator" value="
"/>
    <property name="java.vm.specification.vendor" value="Oracle Corporation"/>
    <property name="user.variant" value=""/>
    <property name="os.name" value="Windows 10"/>
    <property name="maven.ext.class.path" value="D:\IntelliJ IDEA 2021.2.3\plugins\maven\lib\maven-event-listener.jar"/>
    <property name="classworlds.conf" value="D:\apache-maven-3.8.5\bin\m2.conf"/>
    <property name="sun.jnu.encoding" value="GBK"/>
    <property name="java.library.path" value="D:\java\jdk-17.0.4.1+1\bin;C:\Windows\Sun\Java\bin;C:\Windows\system32;C:\Windows;D:\Vmware\bin\;D:\Python\Python3.9.7\Scripts\;D:\Python\Python3.9.7\;C:\Python310\Scripts\;C:\Python310\;D:\CUDA\NVIDIA GPU Computing Toolkit\CUDA\v11.3\bin;D:\CUDA\NVIDIA GPU Computing Toolkit\CUDA\v11.3\libnvvp;D:\java\jdk-17.0.4.1+1\bin;D:\msys64\mingw64\bin;D:\Anaconda3;D:\Anaconda3\Library\mingw-w64\bin;D:\Anaconda3\Library\usr\bin;D:\Anaconda3\Library\bin;D:\Anaconda3\Scripts;D:\sqlite1;D:\Perl64\bin;D:\Perl64\lib;D:\Perl64\site\bin;D:\Perl64\site\lib;C:\Users\13445\AppData\Roaming\ActiveState\bin;C:\WINDOWS;D:\Python27\;D:\Python27\Scripts;D:\GnuWin32\bin;D:\Qt\5.14.2\5.14.2\msvc2017_64\bin;D:\Visual Studio\VC\Tools\MSVC\14.28.29910\atlmfc\include;C:\Windows\system32;C:\Windows;C:\Windows\System32\Wbem;C:\Windows\System32\WindowsPowerShell\v1.0\;C:\Windows\System32\OpenSSH\;C:\Program Files (x86)\NVIDIA Corporation\PhysX\Common;D:\tomcat\bin;D:\Matlab\R2020b\bin;D:\VSCodium\bin;D:\Git\Git\cmd;C:\WINDOWS\system32;C:\WINDOWS;C:\WINDOWS\System32\Wbem;C:\WINDOWS\System32\WindowsPowerShell\v1.0\;C:\WINDOWS\System32\OpenSSH\;C:\Program Files\Pandoc\;D:\win_flex_bison;D:\Windows Kits\10\Windows Performance Toolkit\;D:\Windows Kits\10\bin\10.0.19041.0\x64;D:\Windows Kits\10\Lib\10.0.19041.0\um\x64;D:\Windows Kits\10\Include\10.0.19041.0\um;D:\Windows Kits\10\bin;D:\Windows Kits\10\Lib;D:\Windows Kits\10\Include;D:\Windows Kits\10\Redist\D3D\x64;D:\Windows Kits\10\Windows Performance Toolkit;D:\OpenSSL-Win64\bin;D:\OpenSSL-Win64\lib;D:\putty\putty\;D:\Vim\vim82;D:\CMake\bin;C:\Program Files\NVIDIA Corporation\Nsight Compute 2021.1.1\;D:\CUDA\NVIDIA GPU Computing Toolkit\CUDA\v11.3\bin;D:\CUDA\NVIDIA GPU Computing Toolkit\CUDA\v11.3\lib\x64;D:\CUDA\NVIDIA Corporation\CUDA Samples\v11.3\bin\win64;D:\CUDA\NVIDIA Corporation\CUDA Samples\v11.3\common\lib\x64;C:\Program Files\dotnet\;D:\nodejs\nodejs\;D:\apache-maven-3.8.5\bin;C:\ProgramData\chocolatey\bin;C:\Users\13445\AppData\Local\Android\Sdk\platform-tools;C:\Users\13445\AppData\Local\Android\Sdk\tools;D:\LINGO\LINGO64_19\;D:\MySQL5\MySQL_Server_5.7\bin;C:\Program Files\Microsoft SQL Server\130\Tools\Binn\;C:\Program Files\Microsoft SQL Server\Client SDK\ODBC\170\Tools\Binn\;C:\Program Files\NVIDIA Corporation\NVIDIA NvDLISR;D:\MongoDB-5.0.7\bin;E:\tools\Go\bin;D:\Tex Live\2022\bin\win32;D:\MySQL5\MySQL_Shell_8.0\bin\;C:\Users\13445\AppData\Local\Microsoft\WindowsApps;C:\Users\13445\AppData\Local\GitHubDesktop\bin;D:\Microsoft VS Code\bin;D:\Pycharm\PyCharm Community Edition 2020.3.2\bin;D:\Tex Live\2020\bin\win32;D:\IDEA\IntelliJ IDEA Community Edition 2021.2.3\bin;D:\IntelliJ IDEA 2021.2.3\bin;D:\modeltech64_10.1c\win64;C:\Users\13445\AppData\Roaming\npm;C:\Users\13445\.dotnet\tools;C:\Users\13445\go\bin;;D:\Tex Live\2022\bin\win32;D:\MySQL5\MySQL_Shell_8.0\bin\;C:\Users\13445\AppData\Local\Microsoft\WindowsApps;C:\Users\13445\AppData\Local\GitHubDesktop\bin;D:\Microsoft VS Code\bin;D:\Pycharm\PyCharm Community Edition 2020.3.2\bin;;D:\Tex Live\2020\bin\win32;D:\IDEA\IntelliJ IDEA Community Edition 2021.2.3\bin;;D:\IntelliJ IDEA 2021.2.3\bin;;D:\modeltech64_10.1c\win64;C:\Users\13445\AppData\Roaming\npm;C:\Users\13445\.dotnet\tools;C:\Users\13445\go\bin;."/>
    <property name="maven.conf" value="D:\apache-maven-3.8.5/conf"/>
    <property name="jdk.debug" value="release"/>
    <property name="java.class.version" value="61.0"/>
    <property name="java.specification.name" value="Java Platform API Specification"/>
    <property name="sun.management.compiler" value="HotSpot 64-Bit Tiered Compilers"/>
    <property name="os.version" value="10.0"/>
    <property name="user.home" value="C:\Users\13445"/>
    <property name="user.timezone" value="Asia/Shanghai"/>
    <property name="file.encoding" value="UTF-8"/>
    <property name="java.specification.version" value="17"/>
    <property name="user.name" value="13445"/>
    <property name="java.class.path" value="D:\apache-maven-3.8.5\boot\plexus-classworlds-2.6.0.jar;D:\apache-maven-3.8.5\boot\plexus-classworlds.license"/>
    <property name="java.vm.specification.version" value="17"/>
    <property name="sun.arch.data.model" value="64"/>
    <property name="sun.java.command" value="org.codehaus.classworlds.Launcher -Didea.version=2022.2.2 -s D:\apache-maven-3.8.5\conf\settings.xml test"/>
    <property name="java.home" value="D:\java\jdk-17.0.4.1+1"/>
    <property name="user.language" value="zh"/>
    <property name="java.specification.vendor" value="Oracle Corporation"/>
    <property name="java.vm.info" value="mixed mode, sharing"/>
    <property name="java.version" value="17.0.4.1"/>
    <property name="native.encoding" value="GBK"/>
    <property name="java.vendor" value="Microsoft"/>
    <property name="maven.home" value="D:\apache-maven-3.8.5"/>
    <property name="file.separator" value="\"/>
    <property name="java.version.date" value="2022-08-12"/>
    <property name="java.vendor.url.bug" value="https://github.com/microsoft/openjdk/issues"/>
    <property name="sun.io.unicode.encoding" value="UnicodeLittle"/>
    <property name="sun.cpu.endian" value="little"/>
    <property name="java.vendor.version" value="Microsoft-40354"/>
    <property name="sun.cpu.isalist" value="amd64"/>
  </properties>
</testsuite>